<?xml version="1.0" encoding="UTF-8"?>
<testsuite xmlns:xsi="http://www.w3.org/2001/XMLSchema-instance" xsi:noNamespaceSchemaLocation="https://maven.apache.org/surefire/maven-surefire-plugin/xsd/surefire-test-report.xsd" name="cn.team.min_dfa.MinDfaApplicationTests" time="5.553" tests="1" errors="0" skipped="0" failures="0">
  <properties>
    <property name="sun.desktop" value="windows"/>
    <property name="awt.toolkit" value="sun.awt.windows.WToolkit"/>
    <property name="file.encoding.pkg" value="sun.io"/>
    <property name="java.specification.version" value="1.8"/>
    <property name="sun.cpu.isalist" value="amd64"/>
    <property name="sun.jnu.encoding" value="GBK"/>
    <property name="java.class.path" value="C:\Users\Lenovo\Desktop\min_dfa\target\test-classes;C:\Users\Lenovo\Desktop\min_dfa\target\classes;D:\Maven\Repository\org\springframework\boot\spring-boot-starter-web\2.4.3\spring-boot-starter-web-2.4.3.jar;D:\Maven\Repository\org\springframework\boot\spring-boot-starter\2.4.3\spring-boot-starter-2.4.3.jar;D:\Maven\Repository\jakarta\annotation\jakarta.annotation-api\1.3.5\jakarta.annotation-api-1.3.5.jar;D:\Maven\Repository\org\yaml\snakeyaml\1.27\snakeyaml-1.27.jar;D:\Maven\Repository\org\springframework\boot\spring-boot-starter-json\2.4.3\spring-boot-starter-json-2.4.3.jar;D:\Maven\Repository\com\fasterxml\jackson\datatype\jackson-datatype-jdk8\2.11.4\jackson-datatype-jdk8-2.11.4.jar;D:\Maven\Repository\com\fasterxml\jackson\datatype\jackson-datatype-jsr310\2.11.4\jackson-datatype-jsr310-2.11.4.jar;D:\Maven\Repository\com\fasterxml\jackson\module\jackson-module-parameter-names\2.11.4\jackson-module-parameter-names-2.11.4.jar;D:\Maven\Repository\org\springframework\boot\spring-boot-starter-tomcat\2.4.3\spring-boot-starter-tomcat-2.4.3.jar;D:\Maven\Repository\org\apache\tomcat\embed\tomcat-embed-core\9.0.43\tomcat-embed-core-9.0.43.jar;D:\Maven\Repository\org\glassfish\jakarta.el\3.0.3\jakarta.el-3.0.3.jar;D:\Maven\Repository\org\apache\tomcat\embed\tomcat-embed-websocket\9.0.43\tomcat-embed-websocket-9.0.43.jar;D:\Maven\Repository\org\springframework\spring-webmvc\5.3.4\spring-webmvc-5.3.4.jar;D:\Maven\Repository\org\springframework\boot\spring-boot-starter-test\2.4.3\spring-boot-starter-test-2.4.3.jar;D:\Maven\Repository\org\springframework\boot\spring-boot-test\2.4.3\spring-boot-test-2.4.3.jar;D:\Maven\Repository\org\springframework\boot\spring-boot-test-autoconfigure\2.4.3\spring-boot-test-autoconfigure-2.4.3.jar;D:\Maven\Repository\com\jayway\jsonpath\json-path\2.4.0\json-path-2.4.0.jar;D:\Maven\Repository\net\minidev\json-smart\2.3\json-smart-2.3.jar;D:\Maven\Repository\net\minidev\accessors-smart\1.2\accessors-smart-1.2.jar;D:\Maven\Repository\org\ow2\asm\asm\5.0.4\asm-5.0.4.jar;D:\Maven\Repository\jakarta\xml\bind\jakarta.xml.bind-api\2.3.3\jakarta.xml.bind-api-2.3.3.jar;D:\Maven\Repository\jakarta\activation\jakarta.activation-api\1.2.2\jakarta.activation-api-1.2.2.jar;D:\Maven\Repository\org\assertj\assertj-core\3.18.1\assertj-core-3.18.1.jar;D:\Maven\Repository\org\hamcrest\hamcrest\2.2\hamcrest-2.2.jar;D:\Maven\Repository\org\junit\jupiter\junit-jupiter\5.7.1\junit-jupiter-5.7.1.jar;D:\Maven\Repository\org\junit\jupiter\junit-jupiter-api\5.7.1\junit-jupiter-api-5.7.1.jar;D:\Maven\Repository\org\apiguardian\apiguardian-api\1.1.0\apiguardian-api-1.1.0.jar;D:\Maven\Repository\org\opentest4j\opentest4j\1.2.0\opentest4j-1.2.0.jar;D:\Maven\Repository\org\junit\platform\junit-platform-commons\1.7.1\junit-platform-commons-1.7.1.jar;D:\Maven\Repository\org\junit\jupiter\junit-jupiter-params\5.7.1\junit-jupiter-params-5.7.1.jar;D:\Maven\Repository\org\junit\jupiter\junit-jupiter-engine\5.7.1\junit-jupiter-engine-5.7.1.jar;D:\Maven\Repository\org\junit\platform\junit-platform-engine\1.7.1\junit-platform-engine-1.7.1.jar;D:\Maven\Repository\org\mockito\mockito-core\3.6.28\mockito-core-3.6.28.jar;D:\Maven\Repository\net\bytebuddy\byte-buddy\1.10.20\byte-buddy-1.10.20.jar;D:\Maven\Repository\net\bytebuddy\byte-buddy-agent\1.10.20\byte-buddy-agent-1.10.20.jar;D:\Maven\Repository\org\objenesis\objenesis\3.1\objenesis-3.1.jar;D:\Maven\Repository\org\mockito\mockito-junit-jupiter\3.6.28\mockito-junit-jupiter-3.6.28.jar;D:\Maven\Repository\org\skyscreamer\jsonassert\1.5.0\jsonassert-1.5.0.jar;D:\Maven\Repository\com\vaadin\external\google\android-json\0.0.20131108.vaadin1\android-json-0.0.20131108.vaadin1.jar;D:\Maven\Repository\org\springframework\spring-core\5.3.4\spring-core-5.3.4.jar;D:\Maven\Repository\org\springframework\spring-jcl\5.3.4\spring-jcl-5.3.4.jar;D:\Maven\Repository\org\springframework\spring-test\5.3.4\spring-test-5.3.4.jar;D:\Maven\Repository\org\xmlunit\xmlunit-core\2.7.0\xmlunit-core-2.7.0.jar;D:\Maven\Repository\org\springframework\boot\spring-boot-starter-aop\2.4.3\spring-boot-starter-aop-2.4.3.jar;D:\Maven\Repository\org\springframework\spring-aop\5.3.4\spring-aop-5.3.4.jar;D:\Maven\Repository\org\aspectj\aspectjweaver\1.9.6\aspectjweaver-1.9.6.jar;D:\Maven\Repository\org\springframework\boot\spring-boot-starter-logging\2.4.3\spring-boot-starter-logging-2.4.3.jar;D:\Maven\Repository\ch\qos\logback\logback-classic\1.2.3\logback-classic-1.2.3.jar;D:\Maven\Repository\ch\qos\logback\logback-core\1.2.3\logback-core-1.2.3.jar;D:\Maven\Repository\org\apache\logging\log4j\log4j-to-slf4j\2.13.3\log4j-to-slf4j-2.13.3.jar;D:\Maven\Repository\org\apache\logging\log4j\log4j-api\2.13.3\log4j-api-2.13.3.jar;D:\Maven\Repository\org\slf4j\jul-to-slf4j\1.7.30\jul-to-slf4j-1.7.30.jar;D:\Maven\Repository\org\springframework\security\spring-security-core\5.4.5\spring-security-core-5.4.5.jar;D:\Maven\Repository\org\springframework\spring-beans\5.3.4\spring-beans-5.3.4.jar;D:\Maven\Repository\org\springframework\spring-context\5.3.4\spring-context-5.3.4.jar;D:\Maven\Repository\org\springframework\spring-expression\5.3.4\spring-expression-5.3.4.jar;D:\Maven\Repository\com\zaxxer\HikariCP\3.4.5\HikariCP-3.4.5.jar;D:\Maven\Repository\org\slf4j\slf4j-api\1.7.30\slf4j-api-1.7.30.jar;D:\Maven\Repository\org\springframework\boot\spring-boot-starter-jdbc\2.4.3\spring-boot-starter-jdbc-2.4.3.jar;D:\Maven\Repository\org\springframework\spring-jdbc\5.3.4\spring-jdbc-5.3.4.jar;D:\Maven\Repository\org\springframework\spring-tx\5.3.4\spring-tx-5.3.4.jar;D:\Maven\Repository\mysql\mysql-connector-java\8.0.23\mysql-connector-java-8.0.23.jar;D:\Maven\Repository\tk\mybatis\mapper-spring-boot-starter\2.1.5\mapper-spring-boot-starter-2.1.5.jar;D:\Maven\Repository\org\mybatis\mybatis\3.4.6\mybatis-3.4.6.jar;D:\Maven\Repository\org\mybatis\mybatis-spring\1.3.2\mybatis-spring-1.3.2.jar;D:\Maven\Repository\tk\mybatis\mapper-core\1.1.5\mapper-core-1.1.5.jar;D:\Maven\Repository\javax\persistence\persistence-api\1.0\persistence-api-1.0.jar;D:\Maven\Repository\tk\mybatis\mapper-base\1.1.5\mapper-base-1.1.5.jar;D:\Maven\Repository\tk\mybatis\mapper-weekend\1.1.5\mapper-weekend-1.1.5.jar;D:\Maven\Repository\tk\mybatis\mapper-spring\1.1.5\mapper-spring-1.1.5.jar;D:\Maven\Repository\tk\mybatis\mapper-extra\1.1.5\mapper-extra-1.1.5.jar;D:\Maven\Repository\tk\mybatis\mapper-spring-boot-autoconfigure\2.1.5\mapper-spring-boot-autoconfigure-2.1.5.jar;D:\Maven\Repository\javax\persistence\javax.persistence-api\2.2\javax.persistence-api-2.2.jar;D:\Maven\Repository\io\springfox\springfox-swagger2\2.9.2\springfox-swagger2-2.9.2.jar;D:\Maven\Repository\io\swagger\swagger-annotations\1.5.20\swagger-annotations-1.5.20.jar;D:\Maven\Repository\io\swagger\swagger-models\1.5.20\swagger-models-1.5.20.jar;D:\Maven\Repository\io\springfox\springfox-spi\2.9.2\springfox-spi-2.9.2.jar;D:\Maven\Repository\io\springfox\springfox-core\2.9.2\springfox-core-2.9.2.jar;D:\Maven\Repository\io\springfox\springfox-schema\2.9.2\springfox-schema-2.9.2.jar;D:\Maven\Repository\io\springfox\springfox-swagger-common\2.9.2\springfox-swagger-common-2.9.2.jar;D:\Maven\Repository\io\springfox\springfox-spring-web\2.9.2\springfox-spring-web-2.9.2.jar;D:\Maven\Repository\com\fasterxml\classmate\1.5.1\classmate-1.5.1.jar;D:\Maven\Repository\org\springframework\plugin\spring-plugin-core\1.2.0.RELEASE\spring-plugin-core-1.2.0.RELEASE.jar;D:\Maven\Repository\org\springframework\plugin\spring-plugin-metadata\1.2.0.RELEASE\spring-plugin-metadata-1.2.0.RELEASE.jar;D:\Maven\Repository\org\mapstruct\mapstruct\1.2.0.Final\mapstruct-1.2.0.Final.jar;D:\Maven\Repository\io\springfox\springfox-swagger-ui\2.9.2\springfox-swagger-ui-2.9.2.jar;D:\Maven\Repository\com\google\guava\guava\20.0\guava-20.0.jar;D:\Maven\Repository\org\projectlombok\lombok\1.18.18\lombok-1.18.18.jar;D:\Maven\Repository\com\fasterxml\jackson\core\jackson-databind\2.11.4\jackson-databind-2.11.4.jar;D:\Maven\Repository\com\fasterxml\jackson\core\jackson-annotations\2.11.4\jackson-annotations-2.11.4.jar;D:\Maven\Repository\com\fasterxml\jackson\core\jackson-core\2.11.4\jackson-core-2.11.4.jar;D:\Maven\Repository\com\alibaba\fastjson\1.1.23\fastjson-1.1.23.jar;D:\Maven\Repository\org\springframework\boot\spring-boot-autoconfigure\2.4.3\spring-boot-autoconfigure-2.4.3.jar;D:\Maven\Repository\org\springframework\spring-web\5.3.4\spring-web-5.3.4.jar;D:\Maven\Repository\org\springframework\boot\spring-boot\2.4.3\spring-boot-2.4.3.jar;"/>
    <property name="java.vm.vendor" value="Oracle Corporation"/>
    <property name="sun.arch.data.model" value="64"/>
    <property name="user.variant" value=""/>
    <property name="java.vendor.url" value="http://java.oracle.com/"/>
    <property name="user.timezone" value="Asia/Shanghai"/>
    <property name="java.vm.specification.version" value="1.8"/>
    <property name="os.name" value="Windows 10"/>
    <property name="user.country" value="CN"/>
    <property name="sun.java.launcher" value="SUN_STANDARD"/>
    <property name="sun.boot.library.path" value="C:\Program Files\Java\jdk1.8.0_281\jre\bin"/>
    <property name="sun.java.command" value="C:\Users\Lenovo\AppData\Local\Temp\surefire5948693299565568130\surefirebooter8795860218213156402.jar C:\Users\Lenovo\AppData\Local\Temp\surefire5948693299565568130 2021-03-09T10-26-02_562-jvmRun1 surefire2734588413228732516tmp surefire_08127934499858884629tmp"/>
    <property name="surefire.test.class.path" value="C:\Users\Lenovo\Desktop\min_dfa\target\test-classes;C:\Users\Lenovo\Desktop\min_dfa\target\classes;D:\Maven\Repository\org\springframework\boot\spring-boot-starter-web\2.4.3\spring-boot-starter-web-2.4.3.jar;D:\Maven\Repository\org\springframework\boot\spring-boot-starter\2.4.3\spring-boot-starter-2.4.3.jar;D:\Maven\Repository\jakarta\annotation\jakarta.annotation-api\1.3.5\jakarta.annotation-api-1.3.5.jar;D:\Maven\Repository\org\yaml\snakeyaml\1.27\snakeyaml-1.27.jar;D:\Maven\Repository\org\springframework\boot\spring-boot-starter-json\2.4.3\spring-boot-starter-json-2.4.3.jar;D:\Maven\Repository\com\fasterxml\jackson\datatype\jackson-datatype-jdk8\2.11.4\jackson-datatype-jdk8-2.11.4.jar;D:\Maven\Repository\com\fasterxml\jackson\datatype\jackson-datatype-jsr310\2.11.4\jackson-datatype-jsr310-2.11.4.jar;D:\Maven\Repository\com\fasterxml\jackson\module\jackson-module-parameter-names\2.11.4\jackson-module-parameter-names-2.11.4.jar;D:\Maven\Repository\org\springframework\boot\spring-boot-starter-tomcat\2.4.3\spring-boot-starter-tomcat-2.4.3.jar;D:\Maven\Repository\org\apache\tomcat\embed\tomcat-embed-core\9.0.43\tomcat-embed-core-9.0.43.jar;D:\Maven\Repository\org\glassfish\jakarta.el\3.0.3\jakarta.el-3.0.3.jar;D:\Maven\Repository\org\apache\tomcat\embed\tomcat-embed-websocket\9.0.43\tomcat-embed-websocket-9.0.43.jar;D:\Maven\Repository\org\springframework\spring-webmvc\5.3.4\spring-webmvc-5.3.4.jar;D:\Maven\Repository\org\springframework\boot\spring-boot-starter-test\2.4.3\spring-boot-starter-test-2.4.3.jar;D:\Maven\Repository\org\springframework\boot\spring-boot-test\2.4.3\spring-boot-test-2.4.3.jar;D:\Maven\Repository\org\springframework\boot\spring-boot-test-autoconfigure\2.4.3\spring-boot-test-autoconfigure-2.4.3.jar;D:\Maven\Repository\com\jayway\jsonpath\json-path\2.4.0\json-path-2.4.0.jar;D:\Maven\Repository\net\minidev\json-smart\2.3\json-smart-2.3.jar;D:\Maven\Repository\net\minidev\accessors-smart\1.2\accessors-smart-1.2.jar;D:\Maven\Repository\org\ow2\asm\asm\5.0.4\asm-5.0.4.jar;D:\Maven\Repository\jakarta\xml\bind\jakarta.xml.bind-api\2.3.3\jakarta.xml.bind-api-2.3.3.jar;D:\Maven\Repository\jakarta\activation\jakarta.activation-api\1.2.2\jakarta.activation-api-1.2.2.jar;D:\Maven\Repository\org\assertj\assertj-core\3.18.1\assertj-core-3.18.1.jar;D:\Maven\Repository\org\hamcrest\hamcrest\2.2\hamcrest-2.2.jar;D:\Maven\Repository\org\junit\jupiter\junit-jupiter\5.7.1\junit-jupiter-5.7.1.jar;D:\Maven\Repository\org\junit\jupiter\junit-jupiter-api\5.7.1\junit-jupiter-api-5.7.1.jar;D:\Maven\Repository\org\apiguardian\apiguardian-api\1.1.0\apiguardian-api-1.1.0.jar;D:\Maven\Repository\org\opentest4j\opentest4j\1.2.0\opentest4j-1.2.0.jar;D:\Maven\Repository\org\junit\platform\junit-platform-commons\1.7.1\junit-platform-commons-1.7.1.jar;D:\Maven\Repository\org\junit\jupiter\junit-jupiter-params\5.7.1\junit-jupiter-params-5.7.1.jar;D:\Maven\Repository\org\junit\jupiter\junit-jupiter-engine\5.7.1\junit-jupiter-engine-5.7.1.jar;D:\Maven\Repository\org\junit\platform\junit-platform-engine\1.7.1\junit-platform-engine-1.7.1.jar;D:\Maven\Repository\org\mockito\mockito-core\3.6.28\mockito-core-3.6.28.jar;D:\Maven\Repository\net\bytebuddy\byte-buddy\1.10.20\byte-buddy-1.10.20.jar;D:\Maven\Repository\net\bytebuddy\byte-buddy-agent\1.10.20\byte-buddy-agent-1.10.20.jar;D:\Maven\Repository\org\objenesis\objenesis\3.1\objenesis-3.1.jar;D:\Maven\Repository\org\mockito\mockito-junit-jupiter\3.6.28\mockito-junit-jupiter-3.6.28.jar;D:\Maven\Repository\org\skyscreamer\jsonassert\1.5.0\jsonassert-1.5.0.jar;D:\Maven\Repository\com\vaadin\external\google\android-json\0.0.20131108.vaadin1\android-json-0.0.20131108.vaadin1.jar;D:\Maven\Repository\org\springframework\spring-core\5.3.4\spring-core-5.3.4.jar;D:\Maven\Repository\org\springframework\spring-jcl\5.3.4\spring-jcl-5.3.4.jar;D:\Maven\Repository\org\springframework\spring-test\5.3.4\spring-test-5.3.4.jar;D:\Maven\Repository\org\xmlunit\xmlunit-core\2.7.0\xmlunit-core-2.7.0.jar;D:\Maven\Repository\org\springframework\boot\spring-boot-starter-aop\2.4.3\spring-boot-starter-aop-2.4.3.jar;D:\Maven\Repository\org\springframework\spring-aop\5.3.4\spring-aop-5.3.4.jar;D:\Maven\Repository\org\aspectj\aspectjweaver\1.9.6\aspectjweaver-1.9.6.jar;D:\Maven\Repository\org\springframework\boot\spring-boot-starter-logging\2.4.3\spring-boot-starter-logging-2.4.3.jar;D:\Maven\Repository\ch\qos\logback\logback-classic\1.2.3\logback-classic-1.2.3.jar;D:\Maven\Repository\ch\qos\logback\logback-core\1.2.3\logback-core-1.2.3.jar;D:\Maven\Repository\org\apache\logging\log4j\log4j-to-slf4j\2.13.3\log4j-to-slf4j-2.13.3.jar;D:\Maven\Repository\org\apache\logging\log4j\log4j-api\2.13.3\log4j-api-2.13.3.jar;D:\Maven\Repository\org\slf4j\jul-to-slf4j\1.7.30\jul-to-slf4j-1.7.30.jar;D:\Maven\Repository\org\springframework\security\spring-security-core\5.4.5\spring-security-core-5.4.5.jar;D:\Maven\Repository\org\springframework\spring-beans\5.3.4\spring-beans-5.3.4.jar;D:\Maven\Repository\org\springframework\spring-context\5.3.4\spring-context-5.3.4.jar;D:\Maven\Repository\org\springframework\spring-expression\5.3.4\spring-expression-5.3.4.jar;D:\Maven\Repository\com\zaxxer\HikariCP\3.4.5\HikariCP-3.4.5.jar;D:\Maven\Repository\org\slf4j\slf4j-api\1.7.30\slf4j-api-1.7.30.jar;D:\Maven\Repository\org\springframework\boot\spring-boot-starter-jdbc\2.4.3\spring-boot-starter-jdbc-2.4.3.jar;D:\Maven\Repository\org\springframework\spring-jdbc\5.3.4\spring-jdbc-5.3.4.jar;D:\Maven\Repository\org\springframework\spring-tx\5.3.4\spring-tx-5.3.4.jar;D:\Maven\Repository\mysql\mysql-connector-java\8.0.23\mysql-connector-java-8.0.23.jar;D:\Maven\Repository\tk\mybatis\mapper-spring-boot-starter\2.1.5\mapper-spring-boot-starter-2.1.5.jar;D:\Maven\Repository\org\mybatis\mybatis\3.4.6\mybatis-3.4.6.jar;D:\Maven\Repository\org\mybatis\mybatis-spring\1.3.2\mybatis-spring-1.3.2.jar;D:\Maven\Repository\tk\mybatis\mapper-core\1.1.5\mapper-core-1.1.5.jar;D:\Maven\Repository\javax\persistence\persistence-api\1.0\persistence-api-1.0.jar;D:\Maven\Repository\tk\mybatis\mapper-base\1.1.5\mapper-base-1.1.5.jar;D:\Maven\Repository\tk\mybatis\mapper-weekend\1.1.5\mapper-weekend-1.1.5.jar;D:\Maven\Repository\tk\mybatis\mapper-spring\1.1.5\mapper-spring-1.1.5.jar;D:\Maven\Repository\tk\mybatis\mapper-extra\1.1.5\mapper-extra-1.1.5.jar;D:\Maven\Repository\tk\mybatis\mapper-spring-boot-autoconfigure\2.1.5\mapper-spring-boot-autoconfigure-2.1.5.jar;D:\Maven\Repository\javax\persistence\javax.persistence-api\2.2\javax.persistence-api-2.2.jar;D:\Maven\Repository\io\springfox\springfox-swagger2\2.9.2\springfox-swagger2-2.9.2.jar;D:\Maven\Repository\io\swagger\swagger-annotations\1.5.20\swagger-annotations-1.5.20.jar;D:\Maven\Repository\io\swagger\swagger-models\1.5.20\swagger-models-1.5.20.jar;D:\Maven\Repository\io\springfox\springfox-spi\2.9.2\springfox-spi-2.9.2.jar;D:\Maven\Repository\io\springfox\springfox-core\2.9.2\springfox-core-2.9.2.jar;D:\Maven\Repository\io\springfox\springfox-schema\2.9.2\springfox-schema-2.9.2.jar;D:\Maven\Repository\io\springfox\springfox-swagger-common\2.9.2\springfox-swagger-common-2.9.2.jar;D:\Maven\Repository\io\springfox\springfox-spring-web\2.9.2\springfox-spring-web-2.9.2.jar;D:\Maven\Repository\com\fasterxml\classmate\1.5.1\classmate-1.5.1.jar;D:\Maven\Repository\org\springframework\plugin\spring-plugin-core\1.2.0.RELEASE\spring-plugin-core-1.2.0.RELEASE.jar;D:\Maven\Repository\org\springframework\plugin\spring-plugin-metadata\1.2.0.RELEASE\spring-plugin-metadata-1.2.0.RELEASE.jar;D:\Maven\Repository\org\mapstruct\mapstruct\1.2.0.Final\mapstruct-1.2.0.Final.jar;D:\Maven\Repository\io\springfox\springfox-swagger-ui\2.9.2\springfox-swagger-ui-2.9.2.jar;D:\Maven\Repository\com\google\guava\guava\20.0\guava-20.0.jar;D:\Maven\Repository\org\projectlombok\lombok\1.18.18\lombok-1.18.18.jar;D:\Maven\Repository\com\fasterxml\jackson\core\jackson-databind\2.11.4\jackson-databind-2.11.4.jar;D:\Maven\Repository\com\fasterxml\jackson\core\jackson-annotations\2.11.4\jackson-annotations-2.11.4.jar;D:\Maven\Repository\com\fasterxml\jackson\core\jackson-core\2.11.4\jackson-core-2.11.4.jar;D:\Maven\Repository\com\alibaba\fastjson\1.1.23\fastjson-1.1.23.jar;D:\Maven\Repository\org\springframework\boot\spring-boot-autoconfigure\2.4.3\spring-boot-autoconfigure-2.4.3.jar;D:\Maven\Repository\org\springframework\spring-web\5.3.4\spring-web-5.3.4.jar;D:\Maven\Repository\org\springframework\boot\spring-boot\2.4.3\spring-boot-2.4.3.jar;"/>
    <property name="sun.cpu.endian" value="little"/>
    <property name="user.home" value="C:\Users\Lenovo"/>
    <property name="user.language" value="zh"/>
    <property name="java.specification.vendor" value="Oracle Corporation"/>
    <property name="java.home" value="C:\Program Files\Java\jdk1.8.0_281\jre"/>
    <property name="basedir" value="C:\Users\Lenovo\Desktop\min_dfa"/>
    <property name="file.separator" value="\"/>
    <property name="line.separator" value="&#10;"/>
    <property name="java.vm.specification.vendor" value="Oracle Corporation"/>
    <property name="java.specification.name" value="Java Platform API Specification"/>
    <property name="java.awt.graphicsenv" value="sun.awt.Win32GraphicsEnvironment"/>
    <property name="idea.version2020.1.2" value="true"/>
    <property name="surefire.real.class.path" value="C:\Users\Lenovo\AppData\Local\Temp\surefire5948693299565568130\surefirebooter8795860218213156402.jar"/>
    <property name="sun.boot.class.path" value="C:\Program Files\Java\jdk1.8.0_281\jre\lib\resources.jar;C:\Program Files\Java\jdk1.8.0_281\jre\lib\rt.jar;C:\Program Files\Java\jdk1.8.0_281\jre\lib\sunrsasign.jar;C:\Program Files\Java\jdk1.8.0_281\jre\lib\jsse.jar;C:\Program Files\Java\jdk1.8.0_281\jre\lib\jce.jar;C:\Program Files\Java\jdk1.8.0_281\jre\lib\charsets.jar;C:\Program Files\Java\jdk1.8.0_281\jre\lib\jfr.jar;C:\Program Files\Java\jdk1.8.0_281\jre\classes"/>
    <property name="user.script" value=""/>
    <property name="sun.management.compiler" value="HotSpot 64-Bit Tiered Compilers"/>
    <property name="java.runtime.version" value="1.8.0_281-b09"/>
    <property name="user.name" value="Lenovo"/>
    <property name="path.separator" value=";"/>
    <property name="os.version" value="10.0"/>
    <property name="java.endorsed.dirs" value="C:\Program Files\Java\jdk1.8.0_281\jre\lib\endorsed"/>
    <property name="java.runtime.name" value="Java(TM) SE Runtime Environment"/>
    <property name="file.encoding" value="UTF-8"/>
    <property name="java.vm.name" value="Java HotSpot(TM) 64-Bit Server VM"/>
    <property name="localRepository" value="D:\Maven\Repository"/>
    <property name="java.vendor.url.bug" value="http://bugreport.sun.com/bugreport/"/>
    <property name="java.io.tmpdir" value="C:\Users\Lenovo\AppData\Local\Temp\"/>
    <property name="java.version" value="1.8.0_281"/>
    <property name="user.dir" value="C:\Users\Lenovo\Desktop\min_dfa"/>
    <property name="os.arch" value="amd64"/>
    <property name="java.vm.specification.name" value="Java Virtual Machine Specification"/>
    <property name="java.awt.printerjob" value="sun.awt.windows.WPrinterJob"/>
    <property name="sun.os.patch.level" value=""/>
    <property name="java.library.path" value="C:\Program Files\Java\jdk1.8.0_281\jre\bin;C:\WINDOWS\Sun\Java\bin;C:\WINDOWS\system32;C:\WINDOWS;C:\Program Files (x86)\Common Files\Oracle\Java\javapath;D:\CUDA_\NVIDIA GPU Computing Toolkit\CUDA\v10.1\bin;D:\CUDA_\NVIDIA GPU Computing Toolkit\CUDA\v10.1\libnvvp;C:\Program Files (x86)\Intel\Intel(R) Management Engine Components\iCLS\;C:\Program Files\Intel\Intel(R) Management Engine Components\iCLS\;C:\Windows\system32;C:\Windows;C:\Windows\System32\Wbem;C:\Windows\System32\WindowsPowerShell\v1.0\;C:\Windows\System32\OpenSSH\;C:\Program Files (x86)\Intel\Intel(R) Management Engine Components\DAL;C:\Program Files\Intel\Intel(R) Management Engine Components\DAL;C:\Program Files (x86)\Intel\Intel(R) Management Engine Components\IPT;C:\Program Files\Intel\Intel(R) Management Engine Components\IPT;C:\Program Files (x86)\NVIDIA Corporation\PhysX\Common;C:\WINDOWS\system32;C:\WINDOWS;C:\WINDOWS\System32\Wbem;C:\WINDOWS\System32\WindowsPowerShell\v1.0\;C:\WINDOWS\System32\OpenSSH\;C:\Program Files\NVIDIA Corporation\NVIDIA NvDLISR;C:\Users\Lenovo\mingw-w64-v7.0.0;C:\Program Files\Microsoft SQL Server\110\Tools\Binn\;C:\MinGW\bin;C:\Program Files\Java\jdk-13.0.1\bin;C:\Program Files\Java\jdk-13.0.1\jre\bin;C:\Program Files\NVIDIA Corporation\Nsight Compute 2019.4.0\;D:\Git\cmd;D:\MATLAB\R2016b\runtime\win64;D:\MATLAB\R2016b\bin;D:\MATLAB\R2016b\polyspace\bin;D:\Cmake\bin;D:\WinSCP\;D:\nodejs\;C:\ProgramData\chocolatey\bin;D:\Yarn\bin\;C:\Users\Lenovo\Desktop\;C:\Program Files\Graphviz 2.44.1\bin;D:\SPSS\Statistics\25\JRE\bin;D:\Anaconda3;D:\Anaconda3\Library\mingw-w64\bin;D:\Anaconda3\Library\usr\bin;D:\Anaconda3\Library\bin;D:\Anaconda3\Scripts;C:\Users\Lenovo\AppData\Local\Programs\Python\Python38\Scripts\;C:\Users\Lenovo\AppData\Local\Programs\Python\Python38\;C:\Users\Lenovo\AppData\Local\Microsoft\WindowsApps;D:\IntelliJ IDEA Community Edition 2019.3.2\bin;D:\PyCharm\PyCharm Community Edition 2019.3.4\bin;C:\Users\Lenovo\Desktop\google cloud shell\google-cloud-sdk\bin;C:\Users\Lenovo\AppData\Local\atom\bin;D:\IntelliJ IDEA 2019.3.5\bin;;D:\PyCharm 2020.1.3\bin;;D:\CUDA_\NVIDIA GPU Computing Toolkit\CUDA\v10.1;D:\CUDA_\NVIDIA GPU Computing Toolkit\CUDA\v10.1\lib\x64;C:\Users\Lenovo\AppData\Local\GitHubDesktop\bin;D:\Clion\CLion 2020.2.3\bin;;C:\Users\Lenovo\AppData\Roaming\npm;C:\Users\Lenovo\AppData\Local\Yarn\bin;C:\Users\Lenovo\AppData\Local\Programs\Microsoft VS Code\bin;D:\WebStorm 2020.3.2\bin;;D:\DataGrip 2020.3.2\bin;;D:\Maven\apache-maven-3.6.3\bin;D:\apache-tomcat-10.0.2\bin;;."/>
    <property name="java.vm.info" value="mixed mode"/>
    <property name="java.vendor" value="Oracle Corporation"/>
    <property name="java.vm.version" value="25.281-b09"/>
    <property name="java.ext.dirs" value="C:\Program Files\Java\jdk1.8.0_281\jre\lib\ext;C:\WINDOWS\Sun\Java\lib\ext"/>
    <property name="sun.io.unicode.encoding" value="UnicodeLittle"/>
    <property name="java.class.version" value="52.0"/>
  </properties>
  <testcase name="contextLoads" classname="cn.team.min_dfa.MinDfaApplicationTests" time="0.289"/>
</testsuite>